Text Mime: text/plain for license with extention license: /home/u541886749/domains/jimmybear217.dev/public_html/projects/repo/auto-mime-icon/www/icons/text-x-generic.svg
Text Mime: text/plain for license with extention license: /home/u541886749/domains/jimmybear217.dev/public_html/projects/repo/auto-mime-icon/www/icons/text-x-generic.svg
Text Mime: text/plain for license with extention license: /home/u541886749/domains/jimmybear217.dev/public_html/projects/repo/auto-mime-icon/www/icons/text-x-generic.svg
Text Mime: text/plain for license with extention license: /home/u541886749/domains/jimmybear217.dev/public_html/projects/repo/auto-mime-icon/www/icons/text-x-generic.svg
Text Mime: text/plain for license with extention license: /home/u541886749/domains/jimmybear217.dev/public_html/projects/repo/auto-mime-icon/www/icons/text-x-generic.svg
Text Mime: text/plain for app.webmanifest with extention webmanifest: /home/u541886749/domains/jimmybear217.dev/public_html/projects/repo/auto-mime-icon/www/icons/text-x-generic.svg
Mime not found: inode/x-empty for .gitignore
Text Mime: text/plain for todo with extention todo: /home/u541886749/domains/jimmybear217.dev/public_html/projects/repo/auto-mime-icon/www/icons/text-x-generic.svg
Text Mime: text/plain for todo with extention todo: /home/u541886749/domains/jimmybear217.dev/public_html/projects/repo/auto-mime-icon/www/icons/text-x-generic.svg
Mime not found: inode/x-empty for .gitignore
Text Mime: text/plain for todo with extention todo: /home/u541886749/domains/jimmybear217.dev/public_html/projects/repo/auto-mime-icon/www/icons/text-x-generic.svg
Mime not found: inode/x-empty for .gitignore
Text Mime: text/plain for todo with extention todo: /home/u541886749/domains/jimmybear217.dev/public_html/projects/repo/auto-mime-icon/www/icons/text-x-generic.svg
Mime not found: inode/x-empty for .gitignore
Text Mime: text/plain for todo with extention todo: /home/u541886749/domains/jimmybear217.dev/public_html/projects/repo/auto-mime-icon/www/icons/text-x-generic.svg
Mime not found: inode/x-empty for .gitignore
Mime not found: inode/x-empty for .gitignore
Text Mime: text/plain for todo with extention todo: /home/u541886749/domains/jimmybear217.dev/public_html/projects/repo/auto-mime-icon/www/icons/text-x-generic.svg
Text Mime: text/plain for todo with extention todo: /home/u541886749/domains/jimmybear217.dev/public_html/projects/repo/auto-mime-icon/www/icons/text-x-generic.svg
Mime not found: inode/x-empty for .gitignore
Mime not found: inode/x-empty for .gitignore
Text Mime: text/plain for todo with extention todo: /home/u541886749/domains/jimmybear217.dev/public_html/projects/repo/auto-mime-icon/www/icons/text-x-generic.svg
Mime not found: inode/x-empty for .gitignore
Text Mime: text/plain for todo with extention todo: /home/u541886749/domains/jimmybear217.dev/public_html/projects/repo/auto-mime-icon/www/icons/text-x-generic.svg
Mime not found: inode/x-empty for .gitignore
Text Mime: text/plain for todo with extention todo: /home/u541886749/domains/jimmybear217.dev/public_html/projects/repo/auto-mime-icon/www/icons/text-x-generic.svg
Text Mime: text/plain for todo with extention todo: /home/u541886749/domains/jimmybear217.dev/public_html/projects/repo/auto-mime-icon/www/icons/text-x-generic.svg
Mime not found: inode/x-empty for .gitignore
Text Mime: text/plain for commit_editmsg with extention commit_editmsg: /home/u541886749/domains/jimmybear217.dev/public_html/projects/repo/auto-mime-icon/www/icons/text-x-generic.svg
Text Mime: text/plain for description with extention description: /home/u541886749/domains/jimmybear217.dev/public_html/projects/repo/auto-mime-icon/www/icons/text-x-generic.svg
Text Mime: text/plain for fetch_head with extention fetch_head: /home/u541886749/domains/jimmybear217.dev/public_html/projects/repo/auto-mime-icon/www/icons/text-x-generic.svg
Text Mime: text/plain for head with extention head: /home/u541886749/domains/jimmybear217.dev/public_html/projects/repo/auto-mime-icon/www/icons/text-x-generic.svg
Text Mime: text/plain for orig_head with extention orig_head: /home/u541886749/domains/jimmybear217.dev/public_html/projects/repo/auto-mime-icon/www/icons/text-x-generic.svg
Text Mime: text/plain for packed-refs with extention packed-refs: /home/u541886749/domains/jimmybear217.dev/public_html/projects/repo/auto-mime-icon/www/icons/text-x-generic.svg
Text Mime: text/plain for config with extention config: /home/u541886749/domains/jimmybear217.dev/public_html/projects/repo/auto-mime-icon/www/icons/text-x-generic.svg
Application Mime: application/octet-stream for index with extention index: /home/u541886749/domains/jimmybear217.dev/public_html/projects/repo/auto-mime-icon/www/icons/applications-all.svg
Text Mime: text/plain for description with extention description: /home/u541886749/domains/jimmybear217.dev/public_html/projects/repo/auto-mime-icon/www/icons/text-x-generic.svg
Text Mime: text/plain for orig_head with extention orig_head: /home/u541886749/domains/jimmybear217.dev/public_html/projects/repo/auto-mime-icon/www/icons/text-x-generic.svg
Text Mime: text/plain for packed-refs with extention packed-refs: /home/u541886749/domains/jimmybear217.dev/public_html/projects/repo/auto-mime-icon/www/icons/text-x-generic.svg
Text Mime: text/plain for config with extention config: /home/u541886749/domains/jimmybear217.dev/public_html/projects/repo/auto-mime-icon/www/icons/text-x-generic.svg
Text Mime: text/plain for head with extention head: /home/u541886749/domains/jimmybear217.dev/public_html/projects/repo/auto-mime-icon/www/icons/text-x-generic.svg
Text Mime: text/plain for commit_editmsg with extention commit_editmsg: /home/u541886749/domains/jimmybear217.dev/public_html/projects/repo/auto-mime-icon/www/icons/text-x-generic.svg
Text Mime: text/plain for fetch_head with extention fetch_head: /home/u541886749/domains/jimmybear217.dev/public_html/projects/repo/auto-mime-icon/www/icons/text-x-generic.svg
Application Mime: application/octet-stream for index with extention index: /home/u541886749/domains/jimmybear217.dev/public_html/projects/repo/auto-mime-icon/www/icons/applications-all.svg
Text Mime: text/plain for fetch_head with extention fetch_head: /home/u541886749/domains/jimmybear217.dev/public_html/projects/repo/auto-mime-icon/www/icons/text-x-generic.svg
Text Mime: text/plain for commit_editmsg with extention commit_editmsg: /home/u541886749/domains/jimmybear217.dev/public_html/projects/repo/auto-mime-icon/www/icons/text-x-generic.svg
Text Mime: text/plain for config with extention config: /home/u541886749/domains/jimmybear217.dev/public_html/projects/repo/auto-mime-icon/www/icons/text-x-generic.svg
Application Mime: application/octet-stream for index with extention index: /home/u541886749/domains/jimmybear217.dev/public_html/projects/repo/auto-mime-icon/www/icons/applications-all.svg
Text Mime: text/plain for description with extention description: /home/u541886749/domains/jimmybear217.dev/public_html/projects/repo/auto-mime-icon/www/icons/text-x-generic.svg
Text Mime: text/plain for head with extention head: /home/u541886749/domains/jimmybear217.dev/public_html/projects/repo/auto-mime-icon/www/icons/text-x-generic.svg
Text Mime: text/plain for orig_head with extention orig_head: /home/u541886749/domains/jimmybear217.dev/public_html/projects/repo/auto-mime-icon/www/icons/text-x-generic.svg
Text Mime: text/plain for packed-refs with extention packed-refs: /home/u541886749/domains/jimmybear217.dev/public_html/projects/repo/auto-mime-icon/www/icons/text-x-generic.svg
Text Mime: text/plain for todo with extention todo: /home/u541886749/domains/jimmybear217.dev/public_html/projects/repo/auto-mime-icon/www/icons/text-x-generic.svg
Mime not found: inode/x-empty for .gitignore
Text Mime: text/plain for password.txt with extention txt: /home/u541886749/domains/jimmybear217.dev/public_html/projects/repo/auto-mime-icon/www/icons/text-x-generic.svg
Text Mime: text/plain for password.txt with extention txt: /home/u541886749/domains/jimmybear217.dev/public_html/projects/repo/auto-mime-icon/www/icons/text-x-generic.svg
Text Mime: text/plain for password.txt with extention txt: /home/u541886749/domains/jimmybear217.dev/public_html/projects/repo/auto-mime-icon/www/icons/text-x-generic.svg
Text Mime: text/rtf for defendtheweb.rtf with extention rtf: /home/u541886749/domains/jimmybear217.dev/public_html/projects/repo/auto-mime-icon/www/icons/text-x-generic.svg
